Using pre-set license
Built from '2020.2/release' branch; Version is '2020.2.1f1 (270dd8c3da1c) revision 2559448'; Using compiler version '192528614'; Build Type 'Release'
OS: 'Windows 10  (10.0.0) 64bit' Language: 'en' Physical Memory: 8047 MB
BatchMode: 1, IsHumanControllingUs: 0, StartBugReporterOnCrash: 0, Is64bit: 1, IsPro: 0

 COMMAND LINE ARGUMENTS:
C:\Program Files\Unity\Hub\Editor\2020.2.1f1\Editor\Unity.exe
-adb2
-batchMode
-noUpm
-name
AssetImportWorker0
-projectPath
D:/Unity Projects/DialogueSystem
-logFile
Logs/AssetImportWorker0.log
-srvPort
52246
Successfully changed project path to: D:/Unity Projects/DialogueSystem
D:/Unity Projects/DialogueSystem
Using Asset Import Pipeline V2.
Refreshing native plugins compatible for Editor in 34.77 ms, found 1 plugins.
Preloading 0 native plugins for Editor in 0.00 ms.
Initialize engine version: 2020.2.1f1 (270dd8c3da1c)
[Subsystems] Discovering subsystems at path C:/Program Files/Unity/Hub/Editor/2020.2.1f1/Editor/Data/Resources/UnitySubsystems
[Subsystems] Discovering subsystems at path D:/Unity Projects/DialogueSystem/Assets
GfxDevice: creating device client; threaded=0
Direct3D:
    Version:  Direct3D 11.0 [level 11.1]
    Renderer: NVIDIA GeForce GTX 1050 Ti (ID=0x1c8c)
    Vendor:   
    VRAM:     4021 MB
    Driver:   25.21.14.2546
Initialize mono
Mono path[0] = 'C:/Program Files/Unity/Hub/Editor/2020.2.1f1/Editor/Data/Managed'
Mono path[1] = 'C:/Program Files/Unity/Hub/Editor/2020.2.1f1/Editor/Data/MonoBleedingEdge/lib/mono/unityjit'
Mono config path = 'C:/Program Files/Unity/Hub/Editor/2020.2.1f1/Editor/Data/MonoBleedingEdge/etc'
Using monoOptions --debugger-agent=transport=dt_socket,embedding=1,server=y,suspend=n,address=127.0.0.1:56636
Begin MonoManager ReloadAssembly
Registering precompiled unity dll's ...
Register platform support module: C:/Program Files/Unity/Hub/Editor/2020.2.1f1/Editor/Data/PlaybackEngines/WebGLSupport/UnityEditor.WebGL.Extensions.dll
Register platform support module: C:/Program Files/Unity/Hub/Editor/2020.2.1f1/Editor/Data/PlaybackEngines/WindowsStandaloneSupport/UnityEditor.WindowsStandalone.Extensions.dll
Registered in 0.002891 seconds.
Native extension for WindowsStandalone target not found
Native extension for WebGL target not found
Refreshing native plugins compatible for Editor in 35.59 ms, found 1 plugins.
Preloading 0 native plugins for Editor in 0.00 ms.
Invoked RoslynAnalysisRunner static constructor.
RoslynAnalysisRunner will not be running.
RoslynAnalysisRunner has terminated.
Mono: successfully reloaded assembly
- Completed reload, in  1.383 seconds
Platform modules already initialized, skipping
Registering precompiled user dll's ...
Registered in 0.001010 seconds.
Begin MonoManager ReloadAssembly
Native extension for WindowsStandalone target not found
Native extension for WebGL target not found
Refreshing native plugins compatible for Editor in 32.98 ms, found 1 plugins.
Preloading 0 native plugins for Editor in 0.00 ms.
Invoked RoslynAnalysisRunner static constructor.
RoslynAnalysisRunner will not be running.
RoslynAnalysisRunner has terminated.
Mono: successfully reloaded assembly
- Completed reload, in  0.961 seconds
Platform modules already initialized, skipping
========================================================================
Worker process is ready to serve import requests
Launched and connected shader compiler UnityShaderCompiler.exe after 0.09 seconds
Refreshing native plugins compatible for Editor in 0.37 ms, found 1 plugins.
Preloading 0 native plugins for Editor in 0.00 ms.
Unloading 1960 Unused Serialized files (Serialized files now loaded: 0)
System memory in use before: 91.3 MB.
System memory in use after: 91.3 MB.

Unloading 25 unused Assets to reduce memory usage. Loaded Objects now: 2403.
Total: 2.567700 ms (FindLiveObjects: 0.321800 ms CreateObjectMapping: 0.377300 ms MarkObjects: 1.767000 ms  DeleteObjects: 0.100700 ms)

========================================================================
Received Import Request.
  path: Assets/Scripts/Flow
  artifactKey: Guid(eeeea9a48a1c57444b8f2670ed0c3d48) Importer(815301076,1909f56bfc062723c751e8b465ee728b)
Start importing Assets/Scripts/Flow using Guid(eeeea9a48a1c57444b8f2670ed0c3d48) Importer(815301076,1909f56bfc062723c751e8b465ee728b)  -> (artifact id: '7d77dab069d5aa25a517f7c4e45ac31b') in 0.010433 seconds
  Import took 0.032513 seconds .

========================================================================
Received Import Request.
  Time since last request: 8.589974 seconds.
  path: Assets/Scripts/Flow/FlowStateMachine.cs
  artifactKey: Guid(ee93c21a294e0024d8ad344e5815fe9c) Importer(815301076,1909f56bfc062723c751e8b465ee728b)
Start importing Assets/Scripts/Flow/FlowStateMachine.cs using Guid(ee93c21a294e0024d8ad344e5815fe9c) Importer(815301076,1909f56bfc062723c751e8b465ee728b)  -> (artifact id: '3cf00706060acf7dddd51ba7d6d98f52') in 0.043022 seconds
  Import took 0.066382 seconds .

========================================================================
Received Prepare
Registering precompiled user dll's ...
Registered in 0.001265 seconds.
Begin MonoManager ReloadAssembly
Native extension for WindowsStandalone target not found
Native extension for WebGL target not found
Refreshing native plugins compatible for Editor in 0.35 ms, found 1 plugins.
Preloading 0 native plugins for Editor in 0.00 ms.
Invoked RoslynAnalysisRunner static constructor.
RoslynAnalysisRunner will not be running.
RoslynAnalysisRunner has terminated.
Mono: successfully reloaded assembly
- Completed reload, in  0.924 seconds
Platform modules already initialized, skipping
Refreshing native plugins compatible for Editor in 0.43 ms, found 1 plugins.
Preloading 0 native plugins for Editor in 0.00 ms.
Unloading 1941 Unused Serialized files (Serialized files now loaded: 0)
System memory in use before: 90.4 MB.
System memory in use after: 90.4 MB.

Unloading 13 unused Assets to reduce memory usage. Loaded Objects now: 2407.
Total: 2.642100 ms (FindLiveObjects: 0.284200 ms CreateObjectMapping: 0.085400 ms MarkObjects: 2.134200 ms  DeleteObjects: 0.134800 ms)

========================================================================
Received Import Request.
  Time since last request: 50.736211 seconds.
  path: Assets/Scripts/Flow/FlowChannel.cs
  artifactKey: Guid(9055caee3469e734784b46f2c7a304da) Importer(815301076,1909f56bfc062723c751e8b465ee728b)
Start importing Assets/Scripts/Flow/FlowChannel.cs using Guid(9055caee3469e734784b46f2c7a304da) Importer(815301076,1909f56bfc062723c751e8b465ee728b)  -> (artifact id: 'f95df09db04ea8139e439033d7e81197') in 0.012302 seconds
  Import took 0.044546 seconds .

========================================================================
Received Prepare
Registering precompiled user dll's ...
Registered in 0.001033 seconds.
Begin MonoManager ReloadAssembly
Native extension for WindowsStandalone target not found
Native extension for WebGL target not found
Refreshing native plugins compatible for Editor in 0.38 ms, found 1 plugins.
Preloading 0 native plugins for Editor in 0.00 ms.
Invoked RoslynAnalysisRunner static constructor.
RoslynAnalysisRunner will not be running.
RoslynAnalysisRunner has terminated.
Mono: successfully reloaded assembly
- Completed reload, in  0.975 seconds
Platform modules already initialized, skipping
Refreshing native plugins compatible for Editor in 0.41 ms, found 1 plugins.
Preloading 0 native plugins for Editor in 0.00 ms.
Unloading 1942 Unused Serialized files (Serialized files now loaded: 0)
System memory in use before: 90.7 MB.
System memory in use after: 90.7 MB.

Unloading 13 unused Assets to reduce memory usage. Loaded Objects now: 2411.
Total: 2.370900 ms (FindLiveObjects: 0.222900 ms CreateObjectMapping: 0.075600 ms MarkObjects: 1.940900 ms  DeleteObjects: 0.130400 ms)

========================================================================
Received Import Request.
  Time since last request: 10.547228 seconds.
  path: Assets/Scripts/Flow/FlowState.cs
  artifactKey: Guid(a48a47842a781df47829fffaafd291b1) Importer(815301076,1909f56bfc062723c751e8b465ee728b)
Start importing Assets/Scripts/Flow/FlowState.cs using Guid(a48a47842a781df47829fffaafd291b1) Importer(815301076,1909f56bfc062723c751e8b465ee728b)  -> (artifact id: '9c624013de6651682b4e625738fd333e') in 0.014798 seconds
  Import took 0.061462 seconds .

========================================================================
Received Prepare
Registering precompiled user dll's ...
Registered in 0.001516 seconds.
Begin MonoManager ReloadAssembly
Native extension for WindowsStandalone target not found
Native extension for WebGL target not found
Refreshing native plugins compatible for Editor in 0.36 ms, found 1 plugins.
Preloading 0 native plugins for Editor in 0.00 ms.
Invoked RoslynAnalysisRunner static constructor.
RoslynAnalysisRunner will not be running.
RoslynAnalysisRunner has terminated.
Mono: successfully reloaded assembly
- Completed reload, in  0.927 seconds
Platform modules already initialized, skipping
Refreshing native plugins compatible for Editor in 0.40 ms, found 1 plugins.
Preloading 0 native plugins for Editor in 0.00 ms.
Unloading 1943 Unused Serialized files (Serialized files now loaded: 0)
System memory in use before: 90.9 MB.
System memory in use after: 90.9 MB.

Unloading 13 unused Assets to reduce memory usage. Loaded Objects now: 2415.
Total: 2.228100 ms (FindLiveObjects: 0.211800 ms CreateObjectMapping: 0.083500 ms MarkObjects: 1.813300 ms  DeleteObjects: 0.117700 ms)

========================================================================
Received Prepare
Registering precompiled user dll's ...
Registered in 0.001133 seconds.
Begin MonoManager ReloadAssembly
Native extension for WindowsStandalone target not found
Native extension for WebGL target not found
Refreshing native plugins compatible for Editor in 0.36 ms, found 1 plugins.
Preloading 0 native plugins for Editor in 0.00 ms.
Invoked RoslynAnalysisRunner static constructor.
RoslynAnalysisRunner will not be running.
RoslynAnalysisRunner has terminated.
Mono: successfully reloaded assembly
- Completed reload, in  0.974 seconds
Platform modules already initialized, skipping
Refreshing native plugins compatible for Editor in 0.49 ms, found 1 plugins.
Preloading 0 native plugins for Editor in 0.00 ms.
Unloading 1944 Unused Serialized files (Serialized files now loaded: 0)
System memory in use before: 91.1 MB.
System memory in use after: 91.1 MB.

Unloading 13 unused Assets to reduce memory usage. Loaded Objects now: 2419.
Total: 2.786400 ms (FindLiveObjects: 0.326800 ms CreateObjectMapping: 0.142800 ms MarkObjects: 2.216100 ms  DeleteObjects: 0.099600 ms)

========================================================================
Received Import Request.
  Time since last request: 27.673980 seconds.
  path: Assets/Scripts/Flow/FlowListenner.cs
  artifactKey: Guid(bb6055e082740f94ca0ccc442cf2e1e9) Importer(815301076,1909f56bfc062723c751e8b465ee728b)
Start importing Assets/Scripts/Flow/FlowListenner.cs using Guid(bb6055e082740f94ca0ccc442cf2e1e9) Importer(815301076,1909f56bfc062723c751e8b465ee728b)  -> (artifact id: '7a89c1a1cf01a4277fc6c2643f4bcefd') in 0.010970 seconds
  Import took 0.057615 seconds .

========================================================================
Received Prepare
Registering precompiled user dll's ...
Registered in 0.001778 seconds.
Begin MonoManager ReloadAssembly
Native extension for WindowsStandalone target not found
Native extension for WebGL target not found
Refreshing native plugins compatible for Editor in 0.41 ms, found 1 plugins.
Preloading 0 native plugins for Editor in 0.00 ms.
Invoked RoslynAnalysisRunner static constructor.
RoslynAnalysisRunner will not be running.
RoslynAnalysisRunner has terminated.
Mono: successfully reloaded assembly
- Completed reload, in  0.976 seconds
Platform modules already initialized, skipping
Refreshing native plugins compatible for Editor in 0.44 ms, found 1 plugins.
Preloading 0 native plugins for Editor in 0.00 ms.
Unloading 1944 Unused Serialized files (Serialized files now loaded: 0)
System memory in use before: 91.2 MB.
System memory in use after: 91.2 MB.

Unloading 13 unused Assets to reduce memory usage. Loaded Objects now: 2422.
Total: 2.759800 ms (FindLiveObjects: 0.358600 ms CreateObjectMapping: 0.139200 ms MarkObjects: 2.133500 ms  DeleteObjects: 0.126200 ms)

========================================================================
Received Import Request.
  Time since last request: 8.715461 seconds.
  path: Assets/Scripts/Flow/FlowListener.cs
  artifactKey: Guid(bb6055e082740f94ca0ccc442cf2e1e9) Importer(815301076,1909f56bfc062723c751e8b465ee728b)
Start importing Assets/Scripts/Flow/FlowListener.cs using Guid(bb6055e082740f94ca0ccc442cf2e1e9) Importer(815301076,1909f56bfc062723c751e8b465ee728b)  -> (artifact id: 'ad07f8ec646efb7158cd4f3fdbb7ee00') in 0.014641 seconds
  Import took 0.037587 seconds .

========================================================================
Received Prepare
Registering precompiled user dll's ...
Registered in 0.001167 seconds.
Begin MonoManager ReloadAssembly
Native extension for WindowsStandalone target not found
Native extension for WebGL target not found
Refreshing native plugins compatible for Editor in 0.42 ms, found 1 plugins.
Preloading 0 native plugins for Editor in 0.00 ms.
Invoked RoslynAnalysisRunner static constructor.
RoslynAnalysisRunner will not be running.
RoslynAnalysisRunner has terminated.
Mono: successfully reloaded assembly
- Completed reload, in  0.936 seconds
Platform modules already initialized, skipping
Refreshing native plugins compatible for Editor in 0.38 ms, found 1 plugins.
Preloading 0 native plugins for Editor in 0.00 ms.
Unloading 1944 Unused Serialized files (Serialized files now loaded: 0)
System memory in use before: 91.5 MB.
System memory in use after: 91.5 MB.

Unloading 13 unused Assets to reduce memory usage. Loaded Objects now: 2425.
Total: 2.102200 ms (FindLiveObjects: 0.201300 ms CreateObjectMapping: 0.093100 ms MarkObjects: 1.695000 ms  DeleteObjects: 0.111500 ms)

========================================================================
Received Import Request.
  Time since last request: 1005.840529 seconds.
  path: Assets/Scripts/Flow/FlowChannel.cs
  artifactKey: Guid(9055caee3469e734784b46f2c7a304da) Importer(815301076,1909f56bfc062723c751e8b465ee728b)
Start importing Assets/Scripts/Flow/FlowChannel.cs using Guid(9055caee3469e734784b46f2c7a304da) Importer(815301076,1909f56bfc062723c751e8b465ee728b)  -> (artifact id: 'ceb091b6f0e85ab495b17947366145dc') in 0.007899 seconds
  Import took 0.053701 seconds .

========================================================================
Received Import Request.
  Time since last request: 10.233014 seconds.
  path: Assets/ScriptableObjects/Flow
  artifactKey: Guid(49227b187c3302542b2eb371a8a1150c) Importer(815301076,1909f56bfc062723c751e8b465ee728b)
Start importing Assets/ScriptableObjects/Flow using Guid(49227b187c3302542b2eb371a8a1150c) Importer(815301076,1909f56bfc062723c751e8b465ee728b)  -> (artifact id: '9a47338e8f0908d527d897e37c2dd102') in 0.003234 seconds
  Import took 0.019762 seconds .

========================================================================
Received Import Request.
  Time since last request: 8.540194 seconds.
  path: Assets/ScriptableObjects/Flow/FlowChannel.asset
  artifactKey: Guid(b7aae17d0bd7e5145b35ad6fe17a9daf) Importer(815301076,1909f56bfc062723c751e8b465ee728b)
Start importing Assets/ScriptableObjects/Flow/FlowChannel.asset using Guid(b7aae17d0bd7e5145b35ad6fe17a9daf) Importer(815301076,1909f56bfc062723c751e8b465ee728b)  -> (artifact id: '317a4d729008049ed137b946f55b6f73') in 0.029340 seconds
  Import took 0.044809 seconds .

========================================================================
Received Import Request.
  Time since last request: 5.746619 seconds.
  path: Assets/ScriptableObjects/Flow/States
  artifactKey: Guid(a4821870adc5e94439f1e5aeb18ede79) Importer(815301076,1909f56bfc062723c751e8b465ee728b)
Start importing Assets/ScriptableObjects/Flow/States using Guid(a4821870adc5e94439f1e5aeb18ede79) Importer(815301076,1909f56bfc062723c751e8b465ee728b)  -> (artifact id: 'baf0d3a4905f27209a409b3641f5d525') in 0.008983 seconds
  Import took 0.021988 seconds .

========================================================================
Received Import Request.
  Time since last request: 12.383083 seconds.
  path: Assets/ScriptableObjects/Flow/States/FlowState_InGame.asset
  artifactKey: Guid(7da33e06cd55d4446848cf9c6396bf62) Importer(815301076,1909f56bfc062723c751e8b465ee728b)
Start importing Assets/ScriptableObjects/Flow/States/FlowState_InGame.asset using Guid(7da33e06cd55d4446848cf9c6396bf62) Importer(815301076,1909f56bfc062723c751e8b465ee728b)  -> (artifact id: '74c759a3c61996516d49d75db4d16bce') in 0.009594 seconds
  Import took 0.028999 seconds .

========================================================================
Received Import Request.
  Time since last request: 0.842853 seconds.
  path: Assets/ScriptableObjects/Flow/States/FlowState_InGame 1.asset
  artifactKey: Guid(7c4263701789c59409802948224b5d2c) Importer(815301076,1909f56bfc062723c751e8b465ee728b)
Start importing Assets/ScriptableObjects/Flow/States/FlowState_InGame 1.asset using Guid(7c4263701789c59409802948224b5d2c) Importer(815301076,1909f56bfc062723c751e8b465ee728b)  -> (artifact id: '40b8a8c414065509da075adf9c0f5f10') in 0.009507 seconds
  Import took 0.013771 seconds .

========================================================================
Received Import Request.
  Time since last request: 6.228322 seconds.
  path: Assets/ScriptableObjects/Flow/States/FlowState_InDialogue.asset
  artifactKey: Guid(7c4263701789c59409802948224b5d2c) Importer(815301076,1909f56bfc062723c751e8b465ee728b)
Start importing Assets/ScriptableObjects/Flow/States/FlowState_InDialogue.asset using Guid(7c4263701789c59409802948224b5d2c) Importer(815301076,1909f56bfc062723c751e8b465ee728b)  -> (artifact id: '78c6d4a3d51bfe4018f30237d5f2d192') in 0.009720 seconds
  Import took 0.020282 seconds .

========================================================================
Received Import Request.
  Time since last request: 0.000673 seconds.
  path: Assets/ScriptableObjects/Flow/States/FlowState_InDialogue.asset
  artifactKey: Guid(7c4263701789c59409802948224b5d2c) Importer(815301076,1909f56bfc062723c751e8b465ee728b)
Start importing Assets/ScriptableObjects/Flow/States/FlowState_InDialogue.asset using Guid(7c4263701789c59409802948224b5d2c) Importer(815301076,1909f56bfc062723c751e8b465ee728b)  -> (artifact id: '78c6d4a3d51bfe4018f30237d5f2d192') in 0.004380 seconds
  Import took 0.011800 seconds .

========================================================================
Received Import Request.
  Time since last request: 5.323456 seconds.
  path: Assets/ScriptableObjects/Flow/States/FlowState_InDialogue.asset
  artifactKey: Guid(7c4263701789c59409802948224b5d2c) Importer(815301076,1909f56bfc062723c751e8b465ee728b)
Start importing Assets/ScriptableObjects/Flow/States/FlowState_InDialogue.asset using Guid(7c4263701789c59409802948224b5d2c) Importer(815301076,1909f56bfc062723c751e8b465ee728b)  -> (artifact id: '773119f424bb0b526610ebb909f454bb') in 0.005341 seconds
  Import took 0.029024 seconds .

========================================================================
Received Prepare
Registering precompiled user dll's ...
Registered in 0.001193 seconds.
Begin MonoManager ReloadAssembly
Native extension for WindowsStandalone target not found
Native extension for WebGL target not found
Refreshing native plugins compatible for Editor in 0.75 ms, found 1 plugins.
Preloading 0 native plugins for Editor in 0.00 ms.
Invoked RoslynAnalysisRunner static constructor.
RoslynAnalysisRunner will not be running.
RoslynAnalysisRunner has terminated.
Mono: successfully reloaded assembly
- Completed reload, in  0.922 seconds
Platform modules already initialized, skipping
Refreshing native plugins compatible for Editor in 0.36 ms, found 1 plugins.
Preloading 0 native plugins for Editor in 0.00 ms.
Unloading 1944 Unused Serialized files (Serialized files now loaded: 0)
System memory in use before: 91.8 MB.
System memory in use after: 91.8 MB.

Unloading 13 unused Assets to reduce memory usage. Loaded Objects now: 2428.
Total: 2.446600 ms (FindLiveObjects: 0.402800 ms CreateObjectMapping: 0.112200 ms MarkObjects: 1.833000 ms  DeleteObjects: 0.097300 ms)

========================================================================
Received Import Request.
  Time since last request: 145.988995 seconds.
  path: Assets/TextMesh Pro/Resources/Style Sheets/Default Style Sheet.asset
  artifactKey: Guid(f952c082cb03451daed3ee968ac6c63e) Importer(815301076,1909f56bfc062723c751e8b465ee728b)
Start importing Assets/TextMesh Pro/Resources/Style Sheets/Default Style Sheet.asset using Guid(f952c082cb03451daed3ee968ac6c63e) Importer(815301076,1909f56bfc062723c751e8b465ee728b)  -> (artifact id: '038766f12a773973ed22c01f1ce978d2') in 0.026801 seconds
  Import took 0.312496 seconds .

========================================================================
Received Import Request.
  Time since last request: 0.006016 seconds.
  path: Assets/TextMesh Pro/Resources/Style Sheets/Default Style Sheet.asset
  artifactKey: Guid(f952c082cb03451daed3ee968ac6c63e) Importer(815301076,1909f56bfc062723c751e8b465ee728b)
Start importing Assets/TextMesh Pro/Resources/Style Sheets/Default Style Sheet.asset using Guid(f952c082cb03451daed3ee968ac6c63e) Importer(815301076,1909f56bfc062723c751e8b465ee728b)  -> (artifact id: '038766f12a773973ed22c01f1ce978d2') in 0.003511 seconds
  Import took 0.007742 seconds .

========================================================================
Received Prepare
Registering precompiled user dll's ...
Registered in 0.001281 seconds.
Begin MonoManager ReloadAssembly
Native extension for WindowsStandalone target not found
Native extension for WebGL target not found
Refreshing native plugins compatible for Editor in 0.36 ms, found 1 plugins.
Preloading 0 native plugins for Editor in 0.00 ms.
Invoked RoslynAnalysisRunner static constructor.
RoslynAnalysisRunner will not be running.
RoslynAnalysisRunner has terminated.
Mono: successfully reloaded assembly
- Completed reload, in  0.875 seconds
Platform modules already initialized, skipping
Refreshing native plugins compatible for Editor in 0.40 ms, found 1 plugins.
Preloading 0 native plugins for Editor in 0.00 ms.
Unloading 1944 Unused Serialized files (Serialized files now loaded: 0)
System memory in use before: 92.0 MB.
System memory in use after: 92.0 MB.

Unloading 13 unused Assets to reduce memory usage. Loaded Objects now: 2431.
Total: 2.180800 ms (FindLiveObjects: 0.271900 ms CreateObjectMapping: 0.099400 ms MarkObjects: 1.712100 ms  DeleteObjects: 0.094400 ms)

========================================================================
Received Prepare
Registering precompiled user dll's ...
Registered in 0.001143 seconds.
Begin MonoManager ReloadAssembly
Native extension for WindowsStandalone target not found
Native extension for WebGL target not found
Refreshing native plugins compatible for Editor in 0.36 ms, found 1 plugins.
Preloading 0 native plugins for Editor in 0.00 ms.
Invoked RoslynAnalysisRunner static constructor.
RoslynAnalysisRunner will not be running.
RoslynAnalysisRunner has terminated.
Mono: successfully reloaded assembly
- Completed reload, in  0.934 seconds
Platform modules already initialized, skipping
Refreshing native plugins compatible for Editor in 0.44 ms, found 1 plugins.
Preloading 0 native plugins for Editor in 0.00 ms.
Unloading 1944 Unused Serialized files (Serialized files now loaded: 0)
System memory in use before: 92.2 MB.
System memory in use after: 92.2 MB.

Unloading 13 unused Assets to reduce memory usage. Loaded Objects now: 2434.
Total: 2.384000 ms (FindLiveObjects: 0.387800 ms CreateObjectMapping: 0.143600 ms MarkObjects: 1.755800 ms  DeleteObjects: 0.095700 ms)

========================================================================
Received Prepare
Registering precompiled user dll's ...
Registered in 0.001148 seconds.
Begin MonoManager ReloadAssembly
Native extension for WindowsStandalone target not found
Native extension for WebGL target not found
Refreshing native plugins compatible for Editor in 0.37 ms, found 1 plugins.
Preloading 0 native plugins for Editor in 0.00 ms.
Invoked RoslynAnalysisRunner static constructor.
RoslynAnalysisRunner will not be running.
RoslynAnalysisRunner has terminated.
Mono: successfully reloaded assembly
- Completed reload, in  0.915 seconds
Platform modules already initialized, skipping
Refreshing native plugins compatible for Editor in 0.36 ms, found 1 plugins.
Preloading 0 native plugins for Editor in 0.00 ms.
Unloading 1944 Unused Serialized files (Serialized files now loaded: 0)
System memory in use before: 92.2 MB.
System memory in use after: 92.2 MB.

Unloading 13 unused Assets to reduce memory usage. Loaded Objects now: 2437.
Total: 2.530200 ms (FindLiveObjects: 0.337500 ms CreateObjectMapping: 0.089900 ms MarkObjects: 1.986300 ms  DeleteObjects: 0.115200 ms)

========================================================================
Received Prepare
Registering precompiled user dll's ...
Registered in 0.001239 seconds.
Begin MonoManager ReloadAssembly
Native extension for WindowsStandalone target not found
Native extension for WebGL target not found
Refreshing native plugins compatible for Editor in 0.36 ms, found 1 plugins.
Preloading 0 native plugins for Editor in 0.00 ms.
Invoked RoslynAnalysisRunner static constructor.
RoslynAnalysisRunner will not be running.
RoslynAnalysisRunner has terminated.
Mono: successfully reloaded assembly
- Completed reload, in  0.900 seconds
Platform modules already initialized, skipping
Refreshing native plugins compatible for Editor in 0.37 ms, found 1 plugins.
Preloading 0 native plugins for Editor in 0.00 ms.
Unloading 1944 Unused Serialized files (Serialized files now loaded: 0)
System memory in use before: 91.6 MB.
System memory in use after: 91.6 MB.

Unloading 13 unused Assets to reduce memory usage. Loaded Objects now: 2440.
Total: 3.273700 ms (FindLiveObjects: 0.472500 ms CreateObjectMapping: 0.164400 ms MarkObjects: 2.491900 ms  DeleteObjects: 0.143500 ms)

========================================================================
Received Import Request.
  Time since last request: 502.682928 seconds.
  path: Assets/Scripts/3C/Interaction
  artifactKey: Guid(fb726051f35c69a4c85fb9b2c84e7721) Importer(815301076,1909f56bfc062723c751e8b465ee728b)
Start importing Assets/Scripts/3C/Interaction using Guid(fb726051f35c69a4c85fb9b2c84e7721) Importer(815301076,1909f56bfc062723c751e8b465ee728b)  -> (artifact id: 'cd8c62a2f37ef3b9a74de2f2810de63e') in 0.014380 seconds
  Import took 0.046827 seconds .

========================================================================
Received Import Request.
  Time since last request: 27.074324 seconds.
  path: Assets/Scripts/3C/Interaction/InteractionInstigator.cs
  artifactKey: Guid(7ae9d9fc03417e847aa62f94bb608722) Importer(815301076,1909f56bfc062723c751e8b465ee728b)
Start importing Assets/Scripts/3C/Interaction/InteractionInstigator.cs using Guid(7ae9d9fc03417e847aa62f94bb608722) Importer(815301076,1909f56bfc062723c751e8b465ee728b)  -> (artifact id: '559fbe8ff71828dca3bb34f54f8a705a') in 0.009623 seconds
  Import took 0.296351 seconds .

========================================================================
Received Prepare
Registering precompiled user dll's ...
Registered in 0.001893 seconds.
Begin MonoManager ReloadAssembly
Native extension for WindowsStandalone target not found
Native extension for WebGL target not found
Refreshing native plugins compatible for Editor in 0.77 ms, found 1 plugins.
Preloading 0 native plugins for Editor in 0.00 ms.
Invoked RoslynAnalysisRunner static constructor.
RoslynAnalysisRunner will not be running.
RoslynAnalysisRunner has terminated.
Mono: successfully reloaded assembly
- Completed reload, in  1.168 seconds
Platform modules already initialized, skipping
Refreshing native plugins compatible for Editor in 0.36 ms, found 1 plugins.
Preloading 0 native plugins for Editor in 0.00 ms.
Unloading 1945 Unused Serialized files (Serialized files now loaded: 0)
System memory in use before: 91.8 MB.
System memory in use after: 91.8 MB.

Unloading 13 unused Assets to reduce memory usage. Loaded Objects now: 2444.
Total: 2.729300 ms (FindLiveObjects: 0.624400 ms CreateObjectMapping: 0.141600 ms MarkObjects: 1.862400 ms  DeleteObjects: 0.099500 ms)

========================================================================
Received Prepare
Registering precompiled user dll's ...
Registered in 0.001095 seconds.
Begin MonoManager ReloadAssembly
Native extension for WindowsStandalone target not found
Native extension for WebGL target not found
Refreshing native plugins compatible for Editor in 0.78 ms, found 1 plugins.
Preloading 0 native plugins for Editor in 0.00 ms.
Invoked RoslynAnalysisRunner static constructor.
RoslynAnalysisRunner will not be running.
RoslynAnalysisRunner has terminated.
Mono: successfully reloaded assembly
- Completed reload, in  1.075 seconds
Platform modules already initialized, skipping
Refreshing native plugins compatible for Editor in 0.47 ms, found 1 plugins.
Preloading 0 native plugins for Editor in 0.00 ms.
Unloading 1945 Unused Serialized files (Serialized files now loaded: 0)
System memory in use before: 92.0 MB.
System memory in use after: 92.0 MB.

Unloading 13 unused Assets to reduce memory usage. Loaded Objects now: 2447.
Total: 6.963100 ms (FindLiveObjects: 1.300700 ms CreateObjectMapping: 0.210100 ms MarkObjects: 5.316600 ms  DeleteObjects: 0.133600 ms)

========================================================================
Received Import Request.
  Time since last request: 98.632916 seconds.
  path: Assets/Scripts/3C/Interaction/InteractionInstigator.cs
  artifactKey: Guid(7ae9d9fc03417e847aa62f94bb608722) Importer(815301076,1909f56bfc062723c751e8b465ee728b)
Start importing Assets/Scripts/3C/Interaction/InteractionInstigator.cs using Guid(7ae9d9fc03417e847aa62f94bb608722) Importer(815301076,1909f56bfc062723c751e8b465ee728b)  -> (artifact id: '90fb8adf466cdde48e4b3b62eeb993f0') in 0.007168 seconds
  Import took 0.048847 seconds .

========================================================================
Received Import Request.
  Time since last request: 10.480825 seconds.
  path: Assets/Scripts/3C/Interaction/Interactable.cs
  artifactKey: Guid(5d2c6473a185a744fbada757c0d2bb3b) Importer(815301076,1909f56bfc062723c751e8b465ee728b)
Start importing Assets/Scripts/3C/Interaction/Interactable.cs using Guid(5d2c6473a185a744fbada757c0d2bb3b) Importer(815301076,1909f56bfc062723c751e8b465ee728b)  -> (artifact id: '33b39b1616713448ae819f462d29c4ec') in 0.014605 seconds
  Import took 0.044861 seconds .

========================================================================
Received Prepare
Registering precompiled user dll's ...
Registered in 0.001120 seconds.
Begin MonoManager ReloadAssembly
Native extension for WindowsStandalone target not found
Native extension for WebGL target not found
Refreshing native plugins compatible for Editor in 0.63 ms, found 1 plugins.
Preloading 0 native plugins for Editor in 0.00 ms.
Invoked RoslynAnalysisRunner static constructor.
RoslynAnalysisRunner will not be running.
RoslynAnalysisRunner has terminated.
Mono: successfully reloaded assembly
- Completed reload, in  0.981 seconds
Platform modules already initialized, skipping
Refreshing native plugins compatible for Editor in 0.37 ms, found 1 plugins.
Preloading 0 native plugins for Editor in 0.00 ms.
Unloading 1946 Unused Serialized files (Serialized files now loaded: 0)
System memory in use before: 92.2 MB.
System memory in use after: 92.2 MB.

Unloading 13 unused Assets to reduce memory usage. Loaded Objects now: 2451.
Total: 2.370100 ms (FindLiveObjects: 0.283000 ms CreateObjectMapping: 0.107200 ms MarkObjects: 1.878100 ms  DeleteObjects: 0.100300 ms)

========================================================================
Received Prepare
Registering precompiled user dll's ...
Registered in 0.002256 seconds.
Begin MonoManager ReloadAssembly
Native extension for WindowsStandalone target not found
Native extension for WebGL target not found
Refreshing native plugins compatible for Editor in 0.37 ms, found 1 plugins.
Preloading 0 native plugins for Editor in 0.00 ms.
Invoked RoslynAnalysisRunner static constructor.
RoslynAnalysisRunner will not be running.
RoslynAnalysisRunner has terminated.
Mono: successfully reloaded assembly
- Completed reload, in  0.955 seconds
Platform modules already initialized, skipping
Refreshing native plugins compatible for Editor in 0.52 ms, found 1 plugins.
Preloading 0 native plugins for Editor in 0.00 ms.
Unloading 1946 Unused Serialized files (Serialized files now loaded: 0)
System memory in use before: 92.3 MB.
System memory in use after: 92.3 MB.

Unloading 13 unused Assets to reduce memory usage. Loaded Objects now: 2454.
Total: 4.366700 ms (FindLiveObjects: 0.915000 ms CreateObjectMapping: 0.375800 ms MarkObjects: 2.960900 ms  DeleteObjects: 0.109700 ms)

========================================================================
Received Import Request.
  Time since last request: 625.383105 seconds.
  path: Assets/Scripts/3C/Interaction/Interactable.cs
  artifactKey: Guid(5d2c6473a185a744fbada757c0d2bb3b) Importer(815301076,1909f56bfc062723c751e8b465ee728b)
Start importing Assets/Scripts/3C/Interaction/Interactable.cs using Guid(5d2c6473a185a744fbada757c0d2bb3b) Importer(815301076,1909f56bfc062723c751e8b465ee728b)  -> (artifact id: '3b15dd3c37139f25bb33b8ea20f4aca5') in 0.008863 seconds
  Import took 0.013027 seconds .

========================================================================
Received Import Request.
  Time since last request: 37.177193 seconds.
  path: Assets/Materials
  artifactKey: Guid(f2279636669c37743a9c0cc82b3df543) Importer(815301076,1909f56bfc062723c751e8b465ee728b)
Start importing Assets/Materials using Guid(f2279636669c37743a9c0cc82b3df543) Importer(815301076,1909f56bfc062723c751e8b465ee728b)  -> (artifact id: '34ccb082b18a8ecb2d0d57225b2b6ae9') in 0.014180 seconds
  Import took 0.018477 seconds .

========================================================================
Received Import Request.
  Time since last request: 8.820510 seconds.
  path: Assets/Materials/NPC1.mat
  artifactKey: Guid(a65dcbdb9a2c5de42b74583b0a65e612) Importer(815301076,1909f56bfc062723c751e8b465ee728b)
Start importing Assets/Materials/NPC1.mat using Guid(a65dcbdb9a2c5de42b74583b0a65e612) Importer(815301076,1909f56bfc062723c751e8b465ee728b)  -> (artifact id: '13ab8da21a3a84c950429b33b52c9f39') in 0.164197 seconds
  Import took 0.177972 seconds .

========================================================================
Received Import Request.
  Time since last request: 5.917021 seconds.
  path: Assets/Materials/NPC2.mat
  artifactKey: Guid(9a9a9526a98a06049873b9e385b966de) Importer(815301076,1909f56bfc062723c751e8b465ee728b)
Start importing Assets/Materials/NPC2.mat using Guid(9a9a9526a98a06049873b9e385b966de) Importer(815301076,1909f56bfc062723c751e8b465ee728b)  -> (artifact id: 'bf311f4dc33ab53d50193e41b68ca1f7') in 0.025078 seconds
  Import took 0.042966 seconds .

========================================================================
Received Import Request.
  Time since last request: 85.611210 seconds.
  path: Assets/Materials/NPC1.mat
  artifactKey: Guid(a65dcbdb9a2c5de42b74583b0a65e612) Importer(815301076,1909f56bfc062723c751e8b465ee728b)
Start importing Assets/Materials/NPC1.mat using Guid(a65dcbdb9a2c5de42b74583b0a65e612) Importer(815301076,1909f56bfc062723c751e8b465ee728b)  -> (artifact id: '4c035eb2498a5a2462766433335d94ec') in 0.019487 seconds
  Import took 0.053229 seconds .

========================================================================
Received Import Request.
  Time since last request: 0.000325 seconds.
  path: Assets/Materials/Player.mat
  artifactKey: Guid(ce93d45a59415b6479003bd3a36eb457) Importer(815301076,1909f56bfc062723c751e8b465ee728b)
Start importing Assets/Materials/Player.mat using Guid(ce93d45a59415b6479003bd3a36eb457) Importer(815301076,1909f56bfc062723c751e8b465ee728b)  -> (artifact id: '4fc89d5bf2361d493f5f5dd345bfdbdb') in 0.019124 seconds
  Import took 0.054633 seconds .

========================================================================
Received Import Request.
  Time since last request: 0.000322 seconds.
  path: Assets/Materials/NPC2.mat
  artifactKey: Guid(9a9a9526a98a06049873b9e385b966de) Importer(815301076,1909f56bfc062723c751e8b465ee728b)
Start importing Assets/Materials/NPC2.mat using Guid(9a9a9526a98a06049873b9e385b966de) Importer(815301076,1909f56bfc062723c751e8b465ee728b)  -> (artifact id: '042f67ff77ad11d5f0674430c624d4ed') in 0.018187 seconds
  Import took 0.022230 seconds .

========================================================================
Received Prepare
Registering precompiled user dll's ...
Registered in 0.001262 seconds.
Begin MonoManager ReloadAssembly
Native extension for WindowsStandalone target not found
Native extension for WebGL target not found
Refreshing native plugins compatible for Editor in 0.58 ms, found 1 plugins.
Preloading 0 native plugins for Editor in 0.00 ms.
Invoked RoslynAnalysisRunner static constructor.
RoslynAnalysisRunner will not be running.
RoslynAnalysisRunner has terminated.
Mono: successfully reloaded assembly
- Completed reload, in  0.860 seconds
Platform modules already initialized, skipping
Refreshing native plugins compatible for Editor in 0.38 ms, found 1 plugins.
Preloading 0 native plugins for Editor in 0.00 ms.
Unloading 1946 Unused Serialized files (Serialized files now loaded: 0)
System memory in use before: 94.9 MB.
System memory in use after: 94.9 MB.

Unloading 13 unused Assets to reduce memory usage. Loaded Objects now: 2497.
Total: 2.370500 ms (FindLiveObjects: 0.214000 ms CreateObjectMapping: 0.071200 ms MarkObjects: 1.998200 ms  DeleteObjects: 0.086300 ms)

========================================================================
Received Prepare
Registering precompiled user dll's ...
Registered in 0.001206 seconds.
Begin MonoManager ReloadAssembly
Native extension for WindowsStandalone target not found
Native extension for WebGL target not found
Refreshing native plugins compatible for Editor in 0.36 ms, found 1 plugins.
Preloading 0 native plugins for Editor in 0.00 ms.
Invoked RoslynAnalysisRunner static constructor.
RoslynAnalysisRunner will not be running.
RoslynAnalysisRunner has terminated.
Mono: successfully reloaded assembly
- Completed reload, in  0.912 seconds
Platform modules already initialized, skipping
Refreshing native plugins compatible for Editor in 0.47 ms, found 1 plugins.
Preloading 0 native plugins for Editor in 0.00 ms.
Unloading 1946 Unused Serialized files (Serialized files now loaded: 0)
System memory in use before: 95.1 MB.
System memory in use after: 95.1 MB.

Unloading 13 unused Assets to reduce memory usage. Loaded Objects now: 2500.
Total: 2.106700 ms (FindLiveObjects: 0.199000 ms CreateObjectMapping: 0.076900 ms MarkObjects: 1.734400 ms  DeleteObjects: 0.095600 ms)

========================================================================
Received Prepare
Registering precompiled user dll's ...
Registered in 0.001151 seconds.
Begin MonoManager ReloadAssembly
Native extension for WindowsStandalone target not found
Native extension for WebGL target not found
Refreshing native plugins compatible for Editor in 0.40 ms, found 1 plugins.
Preloading 0 native plugins for Editor in 0.00 ms.
Invoked RoslynAnalysisRunner static constructor.
RoslynAnalysisRunner will not be running.
RoslynAnalysisRunner has terminated.
Mono: successfully reloaded assembly
- Completed reload, in  0.914 seconds
Platform modules already initialized, skipping
Refreshing native plugins compatible for Editor in 0.39 ms, found 1 plugins.
Preloading 0 native plugins for Editor in 0.00 ms.
Unloading 1946 Unused Serialized files (Serialized files now loaded: 0)
System memory in use before: 95.3 MB.
System memory in use after: 95.3 MB.

Unloading 13 unused Assets to reduce memory usage. Loaded Objects now: 2503.
Total: 3.268500 ms (FindLiveObjects: 0.616000 ms CreateObjectMapping: 0.256100 ms MarkObjects: 2.294800 ms  DeleteObjects: 0.100200 ms)

========================================================================
Received Prepare
Registering precompiled user dll's ...
Registered in 0.001070 seconds.
Begin MonoManager ReloadAssembly
Native extension for WindowsStandalone target not found
Native extension for WebGL target not found
Refreshing native plugins compatible for Editor in 0.41 ms, found 1 plugins.
Preloading 0 native plugins for Editor in 0.00 ms.
Invoked RoslynAnalysisRunner static constructor.
RoslynAnalysisRunner will not be running.
RoslynAnalysisRunner has terminated.
Mono: successfully reloaded assembly
- Completed reload, in  0.880 seconds
Platform modules already initialized, skipping
Refreshing native plugins compatible for Editor in 0.66 ms, found 1 plugins.
Preloading 0 native plugins for Editor in 0.00 ms.
Unloading 1946 Unused Serialized files (Serialized files now loaded: 0)
System memory in use before: 95.5 MB.
System memory in use after: 95.5 MB.

Unloading 13 unused Assets to reduce memory usage. Loaded Objects now: 2506.
Total: 2.593200 ms (FindLiveObjects: 0.552400 ms CreateObjectMapping: 0.159100 ms MarkObjects: 1.786600 ms  DeleteObjects: 0.093700 ms)

========================================================================
Received Prepare
Registering precompiled user dll's ...
Registered in 0.001117 seconds.
Begin MonoManager ReloadAssembly
Native extension for WindowsStandalone target not found
Native extension for WebGL target not found
Refreshing native plugins compatible for Editor in 0.39 ms, found 1 plugins.
Preloading 0 native plugins for Editor in 0.00 ms.
Invoked RoslynAnalysisRunner static constructor.
RoslynAnalysisRunner will not be running.
RoslynAnalysisRunner has terminated.
Mono: successfully reloaded assembly
- Completed reload, in  0.899 seconds
Platform modules already initialized, skipping
Refreshing native plugins compatible for Editor in 0.39 ms, found 1 plugins.
Preloading 0 native plugins for Editor in 0.00 ms.
Unloading 1946 Unused Serialized files (Serialized files now loaded: 0)
System memory in use before: 95.7 MB.
System memory in use after: 95.7 MB.

Unloading 13 unused Assets to reduce memory usage. Loaded Objects now: 2509.
Total: 2.413400 ms (FindLiveObjects: 0.233000 ms CreateObjectMapping: 0.078200 ms MarkObjects: 2.000000 ms  DeleteObjects: 0.095600 ms)

========================================================================
Received Prepare
Registering precompiled user dll's ...
Registered in 0.001125 seconds.
Begin MonoManager ReloadAssembly
Native extension for WindowsStandalone target not found
Native extension for WebGL target not found
Refreshing native plugins compatible for Editor in 0.37 ms, found 1 plugins.
Preloading 0 native plugins for Editor in 0.00 ms.
Invoked RoslynAnalysisRunner static constructor.
RoslynAnalysisRunner will not be running.
RoslynAnalysisRunner has terminated.
Mono: successfully reloaded assembly
- Completed reload, in  0.874 seconds
Platform modules already initialized, skipping
Refreshing native plugins compatible for Editor in 0.36 ms, found 1 plugins.
Preloading 0 native plugins for Editor in 0.00 ms.
Unloading 1946 Unused Serialized files (Serialized files now loaded: 0)
System memory in use before: 94.9 MB.
System memory in use after: 94.9 MB.

Unloading 13 unused Assets to reduce memory usage. Loaded Objects now: 2512.
Total: 2.492700 ms (FindLiveObjects: 0.254600 ms CreateObjectMapping: 0.128200 ms MarkObjects: 2.017600 ms  DeleteObjects: 0.091500 ms)

========================================================================
Received Prepare
Registering precompiled user dll's ...
Registered in 0.001036 seconds.
Begin MonoManager ReloadAssembly
Native extension for WindowsStandalone target not found
Native extension for WebGL target not found
Refreshing native plugins compatible for Editor in 0.36 ms, found 1 plugins.
Preloading 0 native plugins for Editor in 0.00 ms.
Invoked RoslynAnalysisRunner static constructor.
RoslynAnalysisRunner will not be running.
RoslynAnalysisRunner has terminated.
Mono: successfully reloaded assembly
- Completed reload, in  0.874 seconds
Platform modules already initialized, skipping
Refreshing native plugins compatible for Editor in 0.37 ms, found 1 plugins.
Preloading 0 native plugins for Editor in 0.00 ms.
Unloading 1946 Unused Serialized files (Serialized files now loaded: 0)
System memory in use before: 95.1 MB.
System memory in use after: 95.1 MB.

Unloading 13 unused Assets to reduce memory usage. Loaded Objects now: 2515.
Total: 2.100800 ms (FindLiveObjects: 0.329000 ms CreateObjectMapping: 0.116100 ms MarkObjects: 1.558300 ms  DeleteObjects: 0.096400 ms)

========================================================================
Received Import Request.
  Time since last request: 348.944059 seconds.
  path: Assets/Scripts/UI/3C
  artifactKey: Guid(60127463a7b3d6c478070f498984ff4d) Importer(815301076,1909f56bfc062723c751e8b465ee728b)
Start importing Assets/Scripts/UI/3C using Guid(60127463a7b3d6c478070f498984ff4d) Importer(815301076,1909f56bfc062723c751e8b465ee728b)  -> (artifact id: 'd8b3d5708908b53e59a259be11004bc8') in 0.013263 seconds
  Import took 0.027985 seconds .

========================================================================
Received Import Request.
  Time since last request: 6.996647 seconds.
  path: Assets/Scripts/UI/3C/Interaction
  artifactKey: Guid(c287188747fea9c48aa84ee0740187be) Importer(815301076,1909f56bfc062723c751e8b465ee728b)
Start importing Assets/Scripts/UI/3C/Interaction using Guid(c287188747fea9c48aa84ee0740187be) Importer(815301076,1909f56bfc062723c751e8b465ee728b)  -> (artifact id: '991ac00fad4e5ce472171e9fbd9d1363') in 0.008390 seconds
  Import took 0.011989 seconds .

========================================================================
Received Import Request.
  Time since last request: 12.512844 seconds.
  path: Assets/Scripts/UI/3C/Interaction/UIInteractionTextController.cs
  artifactKey: Guid(f9b223cebc86248469110f27b405eada) Importer(815301076,1909f56bfc062723c751e8b465ee728b)
Start importing Assets/Scripts/UI/3C/Interaction/UIInteractionTextController.cs using Guid(f9b223cebc86248469110f27b405eada) Importer(815301076,1909f56bfc062723c751e8b465ee728b)  -> (artifact id: '288ead25323899bd1ea4542db45fdc7e') in 0.010960 seconds
  Import took 0.058421 seconds .

========================================================================
Received Prepare
Registering precompiled user dll's ...
Registered in 0.001476 seconds.
Begin MonoManager ReloadAssembly
Native extension for WindowsStandalone target not found
Native extension for WebGL target not found
Refreshing native plugins compatible for Editor in 0.36 ms, found 1 plugins.
Preloading 0 native plugins for Editor in 0.00 ms.
Invoked RoslynAnalysisRunner static constructor.
RoslynAnalysisRunner will not be running.
RoslynAnalysisRunner has terminated.
Mono: successfully reloaded assembly
- Completed reload, in  0.950 seconds
Platform modules already initialized, skipping
Refreshing native plugins compatible for Editor in 0.38 ms, found 1 plugins.
Preloading 0 native plugins for Editor in 0.00 ms.
Unloading 1947 Unused Serialized files (Serialized files now loaded: 0)
System memory in use before: 95.4 MB.
System memory in use after: 95.4 MB.

Unloading 13 unused Assets to reduce memory usage. Loaded Objects now: 2519.
Total: 2.615900 ms (FindLiveObjects: 0.322700 ms CreateObjectMapping: 0.083600 ms MarkObjects: 2.093500 ms  DeleteObjects: 0.114600 ms)

========================================================================
Received Prepare
Registering precompiled user dll's ...
Registered in 0.001676 seconds.
Begin MonoManager ReloadAssembly
Native extension for WindowsStandalone target not found
Native extension for WebGL target not found
Refreshing native plugins compatible for Editor in 0.36 ms, found 1 plugins.
Preloading 0 native plugins for Editor in 0.00 ms.
Invoked RoslynAnalysisRunner static constructor.
RoslynAnalysisRunner will not be running.
RoslynAnalysisRunner has terminated.
Mono: successfully reloaded assembly
- Completed reload, in  0.926 seconds
Platform modules already initialized, skipping
Refreshing native plugins compatible for Editor in 0.43 ms, found 1 plugins.
Preloading 0 native plugins for Editor in 0.00 ms.
Unloading 1947 Unused Serialized files (Serialized files now loaded: 0)
System memory in use before: 95.6 MB.
System memory in use after: 95.6 MB.

Unloading 13 unused Assets to reduce memory usage. Loaded Objects now: 2522.
Total: 2.820100 ms (FindLiveObjects: 0.421600 ms CreateObjectMapping: 0.139500 ms MarkObjects: 2.154300 ms  DeleteObjects: 0.102800 ms)

========================================================================
Received Import Request.
  Time since last request: 22.850406 seconds.
  path: Assets/Scripts/UI/3C/Interaction/UIInteractionTextController.cs
  artifactKey: Guid(f9b223cebc86248469110f27b405eada) Importer(815301076,1909f56bfc062723c751e8b465ee728b)
Start importing Assets/Scripts/UI/3C/Interaction/UIInteractionTextController.cs using Guid(f9b223cebc86248469110f27b405eada) Importer(815301076,1909f56bfc062723c751e8b465ee728b)  -> (artifact id: '46fba4f34af56c04326332c2361675bb') in 0.005351 seconds
  Import took 0.008637 seconds .

========================================================================
Received Prepare
Registering precompiled user dll's ...
Registered in 0.001146 seconds.
Begin MonoManager ReloadAssembly
Native extension for WindowsStandalone target not found
Native extension for WebGL target not found
Refreshing native plugins compatible for Editor in 0.55 ms, found 1 plugins.
Preloading 0 native plugins for Editor in 0.00 ms.
Invoked RoslynAnalysisRunner static constructor.
RoslynAnalysisRunner will not be running.
RoslynAnalysisRunner has terminated.
Mono: successfully reloaded assembly
- Completed reload, in  0.904 seconds
Platform modules already initialized, skipping
Refreshing native plugins compatible for Editor in 0.41 ms, found 1 plugins.
Preloading 0 native plugins for Editor in 0.00 ms.
Unloading 1947 Unused Serialized files (Serialized files now loaded: 0)
System memory in use before: 95.7 MB.
System memory in use after: 95.7 MB.

Unloading 13 unused Assets to reduce memory usage. Loaded Objects now: 2525.
Total: 2.468700 ms (FindLiveObjects: 0.353600 ms CreateObjectMapping: 0.102400 ms MarkObjects: 1.915300 ms  DeleteObjects: 0.094900 ms)

========================================================================
Received Prepare
Registering precompiled user dll's ...
Registered in 0.001083 seconds.
Begin MonoManager ReloadAssembly
Native extension for WindowsStandalone target not found
Native extension for WebGL target not found
Refreshing native plugins compatible for Editor in 0.40 ms, found 1 plugins.
Preloading 0 native plugins for Editor in 0.00 ms.
Invoked RoslynAnalysisRunner static constructor.
RoslynAnalysisRunner will not be running.
RoslynAnalysisRunner has terminated.
Mono: successfully reloaded assembly
- Completed reload, in  0.922 seconds
Platform modules already initialized, skipping
Refreshing native plugins compatible for Editor in 0.36 ms, found 1 plugins.
Preloading 0 native plugins for Editor in 0.00 ms.
Unloading 1947 Unused Serialized files (Serialized files now loaded: 0)
System memory in use before: 95.0 MB.
System memory in use after: 95.0 MB.

Unloading 13 unused Assets to reduce memory usage. Loaded Objects now: 2528.
Total: 2.807400 ms (FindLiveObjects: 0.543900 ms CreateObjectMapping: 0.113800 ms MarkObjects: 2.050500 ms  DeleteObjects: 0.097700 ms)

========================================================================
Received Prepare
Registering precompiled user dll's ...
Registered in 0.001312 seconds.
Begin MonoManager ReloadAssembly
Native extension for WindowsStandalone target not found
Native extension for WebGL target not found
Refreshing native plugins compatible for Editor in 0.39 ms, found 1 plugins.
Preloading 0 native plugins for Editor in 0.00 ms.
Invoked RoslynAnalysisRunner static constructor.
RoslynAnalysisRunner will not be running.
RoslynAnalysisRunner has terminated.
Mono: successfully reloaded assembly
- Completed reload, in  0.879 seconds
Platform modules already initialized, skipping
Refreshing native plugins compatible for Editor in 0.59 ms, found 1 plugins.
Preloading 0 native plugins for Editor in 0.00 ms.
Unloading 1947 Unused Serialized files (Serialized files now loaded: 0)
System memory in use before: 95.2 MB.
System memory in use after: 95.2 MB.

Unloading 13 unused Assets to reduce memory usage. Loaded Objects now: 2531.
Total: 3.036100 ms (FindLiveObjects: 0.542600 ms CreateObjectMapping: 0.161200 ms MarkObjects: 2.221600 ms  DeleteObjects: 0.109000 ms)

========================================================================
Received Prepare
Registering precompiled user dll's ...
Registered in 0.001095 seconds.
Begin MonoManager ReloadAssembly
Native extension for WindowsStandalone target not found
Native extension for WebGL target not found
Refreshing native plugins compatible for Editor in 0.37 ms, found 1 plugins.
Preloading 0 native plugins for Editor in 0.00 ms.
Invoked RoslynAnalysisRunner static constructor.
RoslynAnalysisRunner will not be running.
RoslynAnalysisRunner has terminated.
Mono: successfully reloaded assembly
- Completed reload, in  0.919 seconds
Platform modules already initialized, skipping
Refreshing native plugins compatible for Editor in 0.43 ms, found 1 plugins.
Preloading 0 native plugins for Editor in 0.00 ms.
Unloading 1947 Unused Serialized files (Serialized files now loaded: 0)
System memory in use before: 95.4 MB.
System memory in use after: 95.4 MB.

Unloading 13 unused Assets to reduce memory usage. Loaded Objects now: 2534.
Total: 2.780800 ms (FindLiveObjects: 0.343300 ms CreateObjectMapping: 0.104800 ms MarkObjects: 2.228600 ms  DeleteObjects: 0.102300 ms)

========================================================================
Received Prepare
Registering precompiled user dll's ...
Registered in 0.001022 seconds.
Begin MonoManager ReloadAssembly
Native extension for WindowsStandalone target not found
Native extension for WebGL target not found
Refreshing native plugins compatible for Editor in 0.36 ms, found 1 plugins.
Preloading 0 native plugins for Editor in 0.00 ms.
Invoked RoslynAnalysisRunner static constructor.
RoslynAnalysisRunner will not be running.
RoslynAnalysisRunner has terminated.
Mono: successfully reloaded assembly
- Completed reload, in  0.862 seconds
Platform modules already initialized, skipping
Refreshing native plugins compatible for Editor in 0.40 ms, found 1 plugins.
Preloading 0 native plugins for Editor in 0.00 ms.
Unloading 1947 Unused Serialized files (Serialized files now loaded: 0)
System memory in use before: 95.6 MB.
System memory in use after: 95.6 MB.

Unloading 13 unused Assets to reduce memory usage. Loaded Objects now: 2537.
Total: 2.352100 ms (FindLiveObjects: 0.356900 ms CreateObjectMapping: 0.094300 ms MarkObjects: 1.774100 ms  DeleteObjects: 0.125500 ms)

AssetImportWorkerClient::OnTransportError - code=2 error=End of file
